Info 0    [16:14:48.783] Starting TS Server
Info 1    [16:14:48.783] Version: 4.0.5
Info 2    [16:14:48.783] Arguments: /home/hendrik/.nvm/versions/node/v12.19.0/bin/node /home/hendrik/.nvm/versions/node/v12.19.0/bin/tsserver --logFile /home/hendrik/Workspace/Repos/photo-framer/.log/tsserver.log --logVerbosity info --cancellationPipeName /tmp/a55a044bbb7216bf4f7c200976eb6d43/tscancellation*
Info 3    [16:14:48.783] Platform: linux NodeVersion: 12 CaseSensitive: true
Info 4    [16:14:48.783] ServerMode: undefined syntaxOnly: false hasUnknownServerMode: undefined
Info 5    [16:14:48.793] Search path: /home/hendrik/Workspace/Repos/photo-framer/src/store/modules
Info 6    [16:14:48.794] For info: /home/hendrik/Workspace/Repos/photo-framer/src/store/modules/images.js :: No config files found.
Info 7    [16:14:48.798] Starting updateGraphWorker: Project: /dev/null/inferredProject1*
Info 8    [16:14:51.901] Finishing updateGraphWorker: Project: /dev/null/inferredProject1* Version: 1 structureChanged: true Elapsed: 3103ms
Info 9    [16:14:51.901] Project '/dev/null/inferredProject1*' (Inferred)
Info 10   [16:14:51.901] 	Files (177)

Info 11   [16:14:51.901] -----------------------------------------------
Info 12   [16:14:51.935] Starting updateGraphWorker: Project: /dev/null/autoImportProviderProject1*
Info 13   [16:14:52.51] Finishing updateGraphWorker: Project: /dev/null/autoImportProviderProject1* Version: 1 structureChanged: true Elapsed: 116ms
Info 14   [16:14:52.52] Project '/dev/null/autoImportProviderProject1*' (AutoImportProvider)
Info 15   [16:14:52.52] 	Files (46)

Info 16   [16:14:52.52] -----------------------------------------------
Info 17   [16:15:0.656] Starting updateGraphWorker: Project: /dev/null/inferredProject1*
Info 18   [16:15:0.659] Finishing updateGraphWorker: Project: /dev/null/inferredProject1* Version: 2 structureChanged: false Elapsed: 3ms
Info 19   [16:15:2.906] Before ensureProjectForOpenFiles:
Info 20   [16:15:2.907] After ensureProjectForOpenFiles:
Info 21   [16:15:2.907] got projects updated in background, updating diagnostics for /home/hendrik/Workspace/Repos/photo-framer/src/store/modules/images.js
Info 22   [16:30:19.557] Starting updateGraphWorker: Project: /dev/null/inferredProject1*
Info 23   [16:30:19.620] Finishing updateGraphWorker: Project: /dev/null/inferredProject1* Version: 3 structureChanged: false Elapsed: 63ms
Info 24   [16:30:19.620] Different program with same set of files:: oldProgram.structureIsReused:: 2
Info 25   [16:30:20.147] Starting updateGraphWorker: Project: /dev/null/inferredProject1*
Info 26   [16:30:20.185] Finishing updateGraphWorker: Project: /dev/null/inferredProject1* Version: 4 structureChanged: false Elapsed: 38ms
Info 27   [16:30:20.185] Different program with same set of files:: oldProgram.structureIsReused:: 2
Info 28   [16:30:21.869] Starting updateGraphWorker: Project: /dev/null/inferredProject1*
Info 29   [16:30:21.902] Finishing updateGraphWorker: Project: /dev/null/inferredProject1* Version: 5 structureChanged: false Elapsed: 33ms
Info 30   [16:30:21.902] Different program with same set of files:: oldProgram.structureIsReused:: 2
Info 31   [16:30:21.904] getCompletionData: Get current token: 0
Info 32   [16:30:21.904] getCompletionData: Is inside comment: 0
Info 33   [16:30:21.904] getCompletionData: Get previous token 1: 0
Info 34   [16:30:21.904] getCompletionData: Get previous token 2: 0
Info 35   [16:30:21.904] getCompletionsAtPosition: isCompletionListBlocker: 0
Info 36   [16:30:22.155] Starting updateGraphWorker: Project: /dev/null/inferredProject1*
Info 37   [16:30:22.181] Finishing updateGraphWorker: Project: /dev/null/inferredProject1* Version: 6 structureChanged: false Elapsed: 26ms
Info 38   [16:30:22.181] Different program with same set of files:: oldProgram.structureIsReused:: 2
Info 39   [16:30:24.962] Starting updateGraphWorker: Project: /dev/null/inferredProject1*
Info 40   [16:30:24.987] Finishing updateGraphWorker: Project: /dev/null/inferredProject1* Version: 7 structureChanged: false Elapsed: 24ms
Info 41   [16:30:24.987] Different program with same set of files:: oldProgram.structureIsReused:: 2
Info 42   [16:30:25.85] Starting updateGraphWorker: Project: /dev/null/inferredProject1*
Info 43   [16:30:25.110] Finishing updateGraphWorker: Project: /dev/null/inferredProject1* Version: 8 structureChanged: false Elapsed: 24ms
Info 44   [16:30:25.110] Different program with same set of files:: oldProgram.structureIsReused:: 2
Info 45   [16:30:25.110] getCompletionData: Get current token: 0
Info 46   [16:30:25.110] getCompletionData: Is inside comment: 0
Info 47   [16:30:25.110] getCompletionData: Get previous token 1: 0
Info 48   [16:30:25.110] getCompletionData: Get previous token 2: 0
Info 49   [16:30:25.110] getCompletionsAtPosition: isCompletionListBlocker: 0
Info 50   [16:30:26.92] Starting updateGraphWorker: Project: /dev/null/inferredProject1*
Info 51   [16:30:26.118] Finishing updateGraphWorker: Project: /dev/null/inferredProject1* Version: 9 structureChanged: false Elapsed: 26ms
Info 52   [16:30:26.118] Different program with same set of files:: oldProgram.structureIsReused:: 2
Info 53   [16:38:34.202] Search path: /home/hendrik/Workspace/Repos/photo-framer/legacy/src/components
Info 54   [16:38:34.203] For info: /home/hendrik/Workspace/Repos/photo-framer/legacy/src/components/thumbnail-element.js :: No config files found.
Info 55   [16:38:34.206] Starting updateGraphWorker: Project: /dev/null/inferredProject2*
Info 56   [16:38:34.421] Finishing updateGraphWorker: Project: /dev/null/inferredProject2* Version: 1 structureChanged: true Elapsed: 215ms
Info 57   [16:38:34.421] Project '/dev/null/inferredProject2*' (Inferred)
Info 58   [16:38:34.421] 	Files (178)

Info 59   [16:38:34.421] -----------------------------------------------
Info 60   [16:38:34.440] Starting updateGraphWorker: Project: /dev/null/autoImportProviderProject2*
Info 61   [16:38:34.501] Finishing updateGraphWorker: Project: /dev/null/autoImportProviderProject2* Version: 1 structureChanged: true Elapsed: 61ms
Info 62   [16:38:34.502] Project '/dev/null/autoImportProviderProject2*' (AutoImportProvider)
Info 63   [16:38:34.502] 	Files (46)

Info 64   [16:38:34.502] -----------------------------------------------
Info 65   [16:38:34.803] Starting updateGraphWorker: Project: /dev/null/inferredProject2*
Info 66   [16:38:34.808] Finishing updateGraphWorker: Project: /dev/null/inferredProject2* Version: 2 structureChanged: false Elapsed: 5ms
Info 67   [16:38:37.53] Before ensureProjectForOpenFiles:
Info 68   [16:38:37.53] After ensureProjectForOpenFiles:
Info 69   [16:38:37.53] got projects updated in background, updating diagnostics for /home/hendrik/Workspace/Repos/photo-framer/src/store/modules/images.js,/home/hendrik/Workspace/Repos/photo-framer/legacy/src/components/thumbnail-element.js
Info 70   [16:38:44.492] Search path: /home/hendrik/Workspace/Repos/photo-framer/legacy/src/components
Info 71   [16:38:44.492] For info: /home/hendrik/Workspace/Repos/photo-framer/legacy/src/components/thumbnaillist-element.js :: No config files found.
Info 72   [16:38:44.492] Starting updateGraphWorker: Project: /dev/null/inferredProject3*
Info 73   [16:38:44.652] Finishing updateGraphWorker: Project: /dev/null/inferredProject3* Version: 1 structureChanged: true Elapsed: 159ms
Info 74   [16:38:44.652] Project '/dev/null/inferredProject3*' (Inferred)
Info 75   [16:38:44.652] 	Files (180)

Info 76   [16:38:44.652] -----------------------------------------------
Info 77   [16:38:44.669] Starting updateGraphWorker: Project: /dev/null/autoImportProviderProject3*
Info 78   [16:38:44.724] Finishing updateGraphWorker: Project: /dev/null/autoImportProviderProject3* Version: 1 structureChanged: true Elapsed: 55ms
Info 79   [16:38:44.725] Project '/dev/null/autoImportProviderProject3*' (AutoImportProvider)
Info 80   [16:38:44.725] 	Files (46)

Info 81   [16:38:44.725] -----------------------------------------------
Info 82   [16:38:44.725] `remove Project::
Info 83   [16:38:44.725] Project '/dev/null/inferredProject2*' (Inferred)
Info 84   [16:38:44.725] 	Files (178)

Info 85   [16:38:44.725] -----------------------------------------------
Info 86   [16:38:44.725] Project '/dev/null/autoImportProviderProject2*' (AutoImportProvider)
Info 87   [16:38:44.725] 	Files (46)

Info 88   [16:38:44.725] -----------------------------------------------
Info 89   [16:38:44.836] Starting updateGraphWorker: Project: /dev/null/inferredProject3*
Info 90   [16:38:44.837] Finishing updateGraphWorker: Project: /dev/null/inferredProject3* Version: 2 structureChanged: false Elapsed: 1ms
Info 91   [16:38:47.336] Before ensureProjectForOpenFiles:
Info 92   [16:38:47.336] After ensureProjectForOpenFiles:
Info 93   [16:38:47.336] got projects updated in background, updating diagnostics for /home/hendrik/Workspace/Repos/photo-framer/src/store/modules/images.js,/home/hendrik/Workspace/Repos/photo-framer/legacy/src/components/thumbnail-element.js,/home/hendrik/Workspace/Repos/photo-framer/legacy/src/components/thumbnaillist-element.js
Info 94   [16:38:51.765] Search path: /home/hendrik/Workspace/Repos/photo-framer/legacy/src
Info 95   [16:38:51.765] For info: /home/hendrik/Workspace/Repos/photo-framer/legacy/src/framer.js :: No config files found.
Info 96   [16:38:51.765] Starting updateGraphWorker: Project: /dev/null/inferredProject4*
Info 97   [16:38:52.378] Finishing updateGraphWorker: Project: /dev/null/inferredProject4* Version: 1 structureChanged: true Elapsed: 613ms
Info 98   [16:38:52.378] Project '/dev/null/inferredProject4*' (Inferred)
Info 99   [16:38:52.378] 	Files (187)

Info 100  [16:38:52.378] -----------------------------------------------
Info 101  [16:38:52.393] Starting updateGraphWorker: Project: /dev/null/autoImportProviderProject4*
Info 102  [16:38:52.436] Finishing updateGraphWorker: Project: /dev/null/autoImportProviderProject4* Version: 1 structureChanged: true Elapsed: 43ms
Info 103  [16:38:52.436] Project '/dev/null/autoImportProviderProject4*' (AutoImportProvider)
Info 104  [16:38:52.436] 	Files (46)

Info 105  [16:38:52.436] -----------------------------------------------
Info 106  [16:38:52.437] `remove Project::
Info 107  [16:38:52.437] Project '/dev/null/inferredProject3*' (Inferred)
Info 108  [16:38:52.437] 	Files (180)

Info 109  [16:38:52.437] -----------------------------------------------
Info 110  [16:38:52.437] Project '/dev/null/autoImportProviderProject3*' (AutoImportProvider)
Info 111  [16:38:52.437] 	Files (46)

Info 112  [16:38:52.437] -----------------------------------------------
Info 113  [16:38:52.538] Starting updateGraphWorker: Project: /dev/null/inferredProject4*
Info 114  [16:38:52.539] Finishing updateGraphWorker: Project: /dev/null/inferredProject4* Version: 2 structureChanged: false Elapsed: 1ms
Info 115  [16:38:55.36] Before ensureProjectForOpenFiles:
Info 116  [16:38:55.37] After ensureProjectForOpenFiles:
Info 117  [16:38:55.37] got projects updated in background, updating diagnostics for /home/hendrik/Workspace/Repos/photo-framer/src/store/modules/images.js,/home/hendrik/Workspace/Repos/photo-framer/legacy/src/components/thumbnail-element.js,/home/hendrik/Workspace/Repos/photo-framer/legacy/src/components/thumbnaillist-element.js,/home/hendrik/Workspace/Repos/photo-framer/legacy/src/framer.js
Info 118  [16:39:4.578] Search path: /home/hendrik/Workspace/Repos/photo-framer/legacy
Info 119  [16:39:4.578] For info: /home/hendrik/Workspace/Repos/photo-framer/legacy/index.js :: No config files found.
Info 120  [16:39:4.578] Starting updateGraphWorker: Project: /dev/null/inferredProject5*
Info 121  [16:39:4.731] Finishing updateGraphWorker: Project: /dev/null/inferredProject5* Version: 1 structureChanged: true Elapsed: 153ms
Info 122  [16:39:4.731] Project '/dev/null/inferredProject5*' (Inferred)
Info 123  [16:39:4.731] 	Files (188)

Info 124  [16:39:4.731] -----------------------------------------------
Info 125  [16:39:4.747] Starting updateGraphWorker: Project: /dev/null/autoImportProviderProject5*
Info 126  [16:39:4.801] Finishing updateGraphWorker: Project: /dev/null/autoImportProviderProject5* Version: 1 structureChanged: true Elapsed: 54ms
Info 127  [16:39:4.802] Project '/dev/null/autoImportProviderProject5*' (AutoImportProvider)
Info 128  [16:39:4.802] 	Files (46)

Info 129  [16:39:4.802] -----------------------------------------------
Info 130  [16:39:4.802] `remove Project::
Info 131  [16:39:4.802] Project '/dev/null/inferredProject4*' (Inferred)
Info 132  [16:39:4.802] 	Files (187)

Info 133  [16:39:4.802] -----------------------------------------------
Info 134  [16:39:4.802] Project '/dev/null/autoImportProviderProject4*' (AutoImportProvider)
Info 135  [16:39:4.802] 	Files (46)

Info 136  [16:39:4.802] -----------------------------------------------
Info 137  [16:39:4.899] Starting updateGraphWorker: Project: /dev/null/inferredProject5*
Info 138  [16:39:4.900] Finishing updateGraphWorker: Project: /dev/null/inferredProject5* Version: 2 structureChanged: false Elapsed: 1ms
Info 139  [16:39:7.398] Before ensureProjectForOpenFiles:
Info 140  [16:39:7.398] After ensureProjectForOpenFiles:
Info 141  [16:39:7.398] got projects updated in background, updating diagnostics for /home/hendrik/Workspace/Repos/photo-framer/src/store/modules/images.js,/home/hendrik/Workspace/Repos/photo-framer/legacy/src/components/thumbnail-element.js,/home/hendrik/Workspace/Repos/photo-framer/legacy/src/components/thumbnaillist-element.js,/home/hendrik/Workspace/Repos/photo-framer/legacy/src/framer.js,/home/hendrik/Workspace/Repos/photo-framer/legacy/index.js
Info 142  [16:44:59.473] DirectoryWatcher:: Triggered with /home/hendrik/Workspace/Repos/photo-framer/legacy/src/components/button-element.js :: WatchInfo: /home/hendrik/Workspace/Repos/photo-framer/legacy/src 1 undefined Project: /dev/null/inferredProject5* WatchType: Failed Lookup Locations
Info 143  [16:44:59.474] Elapsed:: 1ms DirectoryWatcher:: Triggered with /home/hendrik/Workspace/Repos/photo-framer/legacy/src/components/button-element.js :: WatchInfo: /home/hendrik/Workspace/Repos/photo-framer/legacy/src 1 undefined Project: /dev/null/inferredProject5* WatchType: Failed Lookup Locations
Info 144  [16:44:59.474] DirectoryWatcher:: Triggered with /home/hendrik/Workspace/Repos/photo-framer/legacy/src/components/exportoptions-element.js :: WatchInfo: /home/hendrik/Workspace/Repos/photo-framer/legacy/src 1 undefined Project: /dev/null/inferredProject5* WatchType: Failed Lookup Locations
Info 145  [16:44:59.474] Elapsed:: 0ms DirectoryWatcher:: Triggered with /home/hendrik/Workspace/Repos/photo-framer/legacy/src/components/exportoptions-element.js :: WatchInfo: /home/hendrik/Workspace/Repos/photo-framer/legacy/src 1 undefined Project: /dev/null/inferredProject5* WatchType: Failed Lookup Locations
Info 146  [16:44:59.474] DirectoryWatcher:: Triggered with /home/hendrik/Workspace/Repos/photo-framer/legacy/src/components/label-element.js :: WatchInfo: /home/hendrik/Workspace/Repos/photo-framer/legacy/src 1 undefined Project: /dev/null/inferredProject5* WatchType: Failed Lookup Locations
Info 147  [16:44:59.474] Elapsed:: 0ms DirectoryWatcher:: Triggered with /home/hendrik/Workspace/Repos/photo-framer/legacy/src/components/label-element.js :: WatchInfo: /home/hendrik/Workspace/Repos/photo-framer/legacy/src 1 undefined Project: /dev/null/inferredProject5* WatchType: Failed Lookup Locations
Info 148  [16:44:59.474] DirectoryWatcher:: Triggered with /home/hendrik/Workspace/Repos/photo-framer/legacy/src/components/pngoptions-element.js :: WatchInfo: /home/hendrik/Workspace/Repos/photo-framer/legacy/src 1 undefined Project: /dev/null/inferredProject5* WatchType: Failed Lookup Locations
Info 149  [16:44:59.474] Elapsed:: 0ms DirectoryWatcher:: Triggered with /home/hendrik/Workspace/Repos/photo-framer/legacy/src/components/pngoptions-element.js :: WatchInfo: /home/hendrik/Workspace/Repos/photo-framer/legacy/src 1 undefined Project: /dev/null/inferredProject5* WatchType: Failed Lookup Locations
Info 150  [16:44:59.475] DirectoryWatcher:: Triggered with /home/hendrik/Workspace/Repos/photo-framer/legacy/src/components/dropdown-element.js :: WatchInfo: /home/hendrik/Workspace/Repos/photo-framer/legacy/src 1 undefined Project: /dev/null/inferredProject5* WatchType: Failed Lookup Locations
Info 151  [16:44:59.475] Elapsed:: 0ms DirectoryWatcher:: Triggered with /home/hendrik/Workspace/Repos/photo-framer/legacy/src/components/dropdown-element.js :: WatchInfo: /home/hendrik/Workspace/Repos/photo-framer/legacy/src 1 undefined Project: /dev/null/inferredProject5* WatchType: Failed Lookup Locations
Info 152  [16:44:59.475] DirectoryWatcher:: Triggered with /home/hendrik/Workspace/Repos/photo-framer/legacy/src/components/thumbnail-element.js :: WatchInfo: /home/hendrik/Workspace/Repos/photo-framer/legacy/src 1 undefined Project: /dev/null/inferredProject5* WatchType: Failed Lookup Locations
Info 153  [16:44:59.475] Elapsed:: 0ms DirectoryWatcher:: Triggered with /home/hendrik/Workspace/Repos/photo-framer/legacy/src/components/thumbnail-element.js :: WatchInfo: /home/hendrik/Workspace/Repos/photo-framer/legacy/src 1 undefined Project: /dev/null/inferredProject5* WatchType: Failed Lookup Locations
Info 154  [16:44:59.475] DirectoryWatcher:: Triggered with /home/hendrik/Workspace/Repos/photo-framer/legacy/src/components/jpgoptions-element.js :: WatchInfo: /home/hendrik/Workspace/Repos/photo-framer/legacy/src 1 undefined Project: /dev/null/inferredProject5* WatchType: Failed Lookup Locations
Info 155  [16:44:59.475] Elapsed:: 0ms DirectoryWatcher:: Triggered with /home/hendrik/Workspace/Repos/photo-framer/legacy/src/components/jpgoptions-element.js :: WatchInfo: /home/hendrik/Workspace/Repos/photo-framer/legacy/src 1 undefined Project: /dev/null/inferredProject5* WatchType: Failed Lookup Locations
Info 156  [16:44:59.475] DirectoryWatcher:: Triggered with /home/hendrik/Workspace/Repos/photo-framer/legacy/src/components/thumbnaillist-element.js :: WatchInfo: /home/hendrik/Workspace/Repos/photo-framer/legacy/src 1 undefined Project: /dev/null/inferredProject5* WatchType: Failed Lookup Locations
Info 157  [16:44:59.475] Elapsed:: 0ms DirectoryWatcher:: Triggered with /home/hendrik/Workspace/Repos/photo-framer/legacy/src/components/thumbnaillist-element.js :: WatchInfo: /home/hendrik/Workspace/Repos/photo-framer/legacy/src 1 undefined Project: /dev/null/inferredProject5* WatchType: Failed Lookup Locations
Info 158  [16:44:59.475] DirectoryWatcher:: Triggered with /home/hendrik/Workspace/Repos/photo-framer/legacy/src/components :: WatchInfo: /home/hendrik/Workspace/Repos/photo-framer/legacy/src 1 undefined Project: /dev/null/inferredProject5* WatchType: Failed Lookup Locations
Info 159  [16:44:59.475] Elapsed:: 0ms DirectoryWatcher:: Triggered with /home/hendrik/Workspace/Repos/photo-framer/legacy/src/components :: WatchInfo: /home/hendrik/Workspace/Repos/photo-framer/legacy/src 1 undefined Project: /dev/null/inferredProject5* WatchType: Failed Lookup Locations
Info 160  [16:44:59.475] DirectoryWatcher:: Triggered with /home/hendrik/Workspace/Repos/photo-framer/legacy/src/framer.js :: WatchInfo: /home/hendrik/Workspace/Repos/photo-framer/legacy/src 1 undefined Project: /dev/null/inferredProject5* WatchType: Failed Lookup Locations
Info 161  [16:44:59.475] Elapsed:: 0ms DirectoryWatcher:: Triggered with /home/hendrik/Workspace/Repos/photo-framer/legacy/src/framer.js :: WatchInfo: /home/hendrik/Workspace/Repos/photo-framer/legacy/src 1 undefined Project: /dev/null/inferredProject5* WatchType: Failed Lookup Locations
Info 162  [16:44:59.475] DirectoryWatcher:: Triggered with /home/hendrik/Workspace/Repos/photo-framer/legacy/src/textbox-element.js :: WatchInfo: /home/hendrik/Workspace/Repos/photo-framer/legacy/src 1 undefined Project: /dev/null/inferredProject5* WatchType: Failed Lookup Locations
Info 163  [16:44:59.475] Elapsed:: 0ms DirectoryWatcher:: Triggered with /home/hendrik/Workspace/Repos/photo-framer/legacy/src/textbox-element.js :: WatchInfo: /home/hendrik/Workspace/Repos/photo-framer/legacy/src 1 undefined Project: /dev/null/inferredProject5* WatchType: Failed Lookup Locations
Info 164  [16:44:59.475] DirectoryWatcher:: Triggered with /home/hendrik/Workspace/Repos/photo-framer/legacy/src/base-element.js :: WatchInfo: /home/hendrik/Workspace/Repos/photo-framer/legacy/src 1 undefined Project: /dev/null/inferredProject5* WatchType: Failed Lookup Locations
Info 165  [16:44:59.476] Elapsed:: 1ms DirectoryWatcher:: Triggered with /home/hendrik/Workspace/Repos/photo-framer/legacy/src/base-element.js :: WatchInfo: /home/hendrik/Workspace/Repos/photo-framer/legacy/src 1 undefined Project: /dev/null/inferredProject5* WatchType: Failed Lookup Locations
Info 166  [16:44:59.476] DirectoryWatcher:: Triggered with /home/hendrik/Workspace/Repos/photo-framer/legacy/src :: WatchInfo: /home/hendrik/Workspace/Repos/photo-framer/legacy/src 1 undefined Project: /dev/null/inferredProject5* WatchType: Failed Lookup Locations
Info 167  [16:44:59.476] Elapsed:: 0ms DirectoryWatcher:: Triggered with /home/hendrik/Workspace/Repos/photo-framer/legacy/src :: WatchInfo: /home/hendrik/Workspace/Repos/photo-framer/legacy/src 1 undefined Project: /dev/null/inferredProject5* WatchType: Failed Lookup Locations
Info 168  [16:44:59.991] FileWatcher:: Triggered with /home/hendrik/Workspace/Repos/photo-framer/legacy/src/components/dropdown-element.js 2:: WatchInfo: /home/hendrik/Workspace/Repos/photo-framer/legacy/src/components/dropdown-element.js 500 undefined Project:  WatchType: Closed Script info
Info 169  [16:44:59.993] Elapsed:: 2ms FileWatcher:: Triggered with /home/hendrik/Workspace/Repos/photo-framer/legacy/src/components/dropdown-element.js 2:: WatchInfo: /home/hendrik/Workspace/Repos/photo-framer/legacy/src/components/dropdown-element.js 500 undefined Project:  WatchType: Closed Script info
Info 170  [16:44:59.993] FileWatcher:: Triggered with /home/hendrik/Workspace/Repos/photo-framer/legacy/src/components/jpgoptions-element.js 2:: WatchInfo: /home/hendrik/Workspace/Repos/photo-framer/legacy/src/components/jpgoptions-element.js 500 undefined Project:  WatchType: Closed Script info
Info 171  [16:44:59.993] Elapsed:: 0ms FileWatcher:: Triggered with /home/hendrik/Workspace/Repos/photo-framer/legacy/src/components/jpgoptions-element.js 2:: WatchInfo: /home/hendrik/Workspace/Repos/photo-framer/legacy/src/components/jpgoptions-element.js 500 undefined Project:  WatchType: Closed Script info
Info 172  [16:44:59.993] FileWatcher:: Triggered with /home/hendrik/Workspace/Repos/photo-framer/legacy/src/components/pngoptions-element.js 2:: WatchInfo: /home/hendrik/Workspace/Repos/photo-framer/legacy/src/components/pngoptions-element.js 500 undefined Project:  WatchType: Closed Script info
Info 173  [16:44:59.993] Elapsed:: 0ms FileWatcher:: Triggered with /home/hendrik/Workspace/Repos/photo-framer/legacy/src/components/pngoptions-element.js 2:: WatchInfo: /home/hendrik/Workspace/Repos/photo-framer/legacy/src/components/pngoptions-element.js 500 undefined Project:  WatchType: Closed Script info
Info 174  [16:44:59.993] FileWatcher:: Triggered with /home/hendrik/Workspace/Repos/photo-framer/legacy/src/components/exportoptions-element.js 2:: WatchInfo: /home/hendrik/Workspace/Repos/photo-framer/legacy/src/components/exportoptions-element.js 500 undefined Project:  WatchType: Closed Script info
Info 175  [16:44:59.994] Elapsed:: 1ms FileWatcher:: Triggered with /home/hendrik/Workspace/Repos/photo-framer/legacy/src/components/exportoptions-element.js 2:: WatchInfo: /home/hendrik/Workspace/Repos/photo-framer/legacy/src/components/exportoptions-element.js 500 undefined Project:  WatchType: Closed Script info
Info 176  [16:44:59.994] FileWatcher:: Triggered with /home/hendrik/Workspace/Repos/photo-framer/legacy/src/base-element.js 2:: WatchInfo: /home/hendrik/Workspace/Repos/photo-framer/legacy/src/base-element.js 500 undefined Project:  WatchType: Closed Script info
Info 177  [16:44:59.995] Elapsed:: 1ms FileWatcher:: Triggered with /home/hendrik/Workspace/Repos/photo-framer/legacy/src/base-element.js 2:: WatchInfo: /home/hendrik/Workspace/Repos/photo-framer/legacy/src/base-element.js 500 undefined Project:  WatchType: Closed Script info
Info 178  [16:44:59.995] FileWatcher:: Triggered with /home/hendrik/Workspace/Repos/photo-framer/legacy/src/components/label-element.js 2:: WatchInfo: /home/hendrik/Workspace/Repos/photo-framer/legacy/src/components/label-element.js 500 undefined Project:  WatchType: Closed Script info
Info 179  [16:44:59.995] Elapsed:: 0ms FileWatcher:: Triggered with /home/hendrik/Workspace/Repos/photo-framer/legacy/src/components/label-element.js 2:: WatchInfo: /home/hendrik/Workspace/Repos/photo-framer/legacy/src/components/label-element.js 500 undefined Project:  WatchType: Closed Script info
Info 180  [16:44:59.995] FileWatcher:: Triggered with /home/hendrik/Workspace/Repos/photo-framer/legacy/src/components/button-element.js 2:: WatchInfo: /home/hendrik/Workspace/Repos/photo-framer/legacy/src/components/button-element.js 500 undefined Project:  WatchType: Closed Script info
Info 181  [16:44:59.995] Elapsed:: 0ms FileWatcher:: Triggered with /home/hendrik/Workspace/Repos/photo-framer/legacy/src/components/button-element.js 2:: WatchInfo: /home/hendrik/Workspace/Repos/photo-framer/legacy/src/components/button-element.js 500 undefined Project:  WatchType: Closed Script info
Info 182  [16:45:0.252] Starting updateGraphWorker: Project: /dev/null/inferredProject5*
Info 183  [16:45:0.328] Finishing updateGraphWorker: Project: /dev/null/inferredProject5* Version: 3 structureChanged: true Elapsed: 76ms
Info 184  [16:45:0.328] Project '/dev/null/inferredProject5*' (Inferred)
Info 185  [16:45:0.328] 	Files (178)

Info 186  [16:45:0.328] -----------------------------------------------
Info 187  [16:45:0.328] Project '/dev/null/autoImportProviderProject5*' (AutoImportProvider)
Info 188  [16:45:0.328] 	Files (46)

Info 189  [16:45:0.328] -----------------------------------------------
Info 190  [16:45:0.683] Starting updateGraphWorker: Project: /dev/null/inferredProject5*
Info 191  [16:45:0.685] Finishing updateGraphWorker: Project: /dev/null/inferredProject5* Version: 4 structureChanged: false Elapsed: 2ms
